nohup: ignoring input
[I 2024-11-26 21:56:14.949 ServerApp] jupyter_lsp | extension was successfully linked.
[I 2024-11-26 21:56:14.954 ServerApp] jupyter_server_terminals | extension was successfully linked.
[I 2024-11-26 21:56:14.958 ServerApp] jupyterlab | extension was successfully linked.
[I 2024-11-26 21:56:14.962 ServerApp] notebook | extension was successfully linked.
[I 2024-11-26 21:56:15.402 ServerApp] notebook_shim | extension was successfully linked.
[I 2024-11-26 21:56:15.654 ServerApp] notebook_shim | extension was successfully loaded.
[I 2024-11-26 21:56:15.657 ServerApp] jupyter_lsp | extension was successfully loaded.
[I 2024-11-26 21:56:15.658 ServerApp] jupyter_server_terminals | extension was successfully loaded.
[I 2024-11-26 21:56:15.666 LabApp] JupyterLab extension loaded from /home/dsanyal7/miniconda3/envs/mia/lib/python3.8/site-packages/jupyterlab
[I 2024-11-26 21:56:15.666 LabApp] JupyterLab application directory is /home/dsanyal7/miniconda3/envs/mia/share/jupyter/lab
[I 2024-11-26 21:56:15.667 LabApp] Extension Manager is 'pypi'.
[I 2024-11-26 21:56:15.680 ServerApp] jupyterlab | extension was successfully loaded.
[I 2024-11-26 21:56:15.684 ServerApp] notebook | extension was successfully loaded.
[I 2024-11-26 21:56:15.684 ServerApp] Serving notebooks from local directory: /home/dsanyal7/tjang31/ppml/MixMatch-pytorch
[I 2024-11-26 21:56:15.684 ServerApp] Jupyter Server 2.14.2 is running at:
[I 2024-11-26 21:56:15.684 ServerApp] http://localhost:8080/tree?token=e8afef8b2bd647458c9ade3b9b34cfee23074c9e27cb20f4
[I 2024-11-26 21:56:15.684 ServerApp]     http://127.0.0.1:8080/tree?token=e8afef8b2bd647458c9ade3b9b34cfee23074c9e27cb20f4
[I 2024-11-26 21:56:15.684 ServerApp] Use Control-C to stop this server and shut down all kernels (twice to skip confirmation).
[C 2024-11-26 21:56:15.689 ServerApp] 
    
    To access the server, open this file in a browser:
        file:///home/dsanyal7/.local/share/jupyter/runtime/jpserver-1822175-open.html
    Or copy and paste one of these URLs:
        http://localhost:8080/tree?token=e8afef8b2bd647458c9ade3b9b34cfee23074c9e27cb20f4
        http://127.0.0.1:8080/tree?token=e8afef8b2bd647458c9ade3b9b34cfee23074c9e27cb20f4
[I 2024-11-26 21:56:15.713 ServerApp] Skipped non-installed server(s): bash-language-server, dockerfile-language-server-nodejs, javascript-typescript-langserver, jedi-language-server, julia-language-server, pyright, python-language-server, python-lsp-server, r-languageserver, sql-language-server, texlab, typescript-language-server, unified-language-server, vscode-css-languageserver-bin, vscode-html-languageserver-bin, vscode-json-languageserver-bin, yaml-language-server
[I 2024-11-26 22:00:43.299 ServerApp] 302 GET / (@::1) 0.59ms
[I 2024-11-26 22:00:45.366 JupyterNotebookApp] 302 GET /tree (@::1) 0.73ms
